2024-12-08 23:45:21 [main] INFO  org.example.Main - Application started
2024-12-08 23:45:25 [main] INFO  org.example.Main - Chosen character: Guinevere
2024-12-08 23:45:27 [main] INFO  org.example.Main - Chosen map: Caermaloyw Castle
2024-12-08 23:45:31 [main] INFO  org.example.Main - Player is in area 1 of Le Chateau Caermaloyw
2024-12-08 23:45:31 [main] INFO  org.example.Main - Enemies in area 1: 
2024-12-08 23:45:37 [main] INFO  org.example.Main - Player is in area 2 of Le Chateau Caermaloyw
2024-12-08 23:45:38 [main] INFO  org.example.Main - Enemies in area 2: Brigand
2024-12-08 23:45:38 [main] INFO  org.example.utils.Fight - The hero attacks 5 times
2024-12-08 23:45:41 [main] INFO  org.example.utils.Fight - The hero attacks 5 time(s)
2024-12-08 23:45:41 [main] INFO  org.example.utils.Fight - Brigand (Point de vie = 45, Point d'attaque = 10)
2024-12-08 23:45:42 [main] INFO  org.example.utils.Fight - Brigand (Point de vie = 25, Point d'attaque = 10)
2024-12-08 23:45:42 [main] INFO  org.example.utils.Fight - Brigand (Point de vie = 5, Point d'attaque = 10)
2024-12-08 23:45:43 [main] INFO  org.example.utils.Fight - Brigand (Point de vie = -15, Point d'attaque = 10)
2024-12-08 23:45:43 [main] INFO  org.example.utils.Fight - Enemy is dead
2024-12-08 23:46:02 [main] INFO  org.example.Main - Enemy defeated. Remaining enemies: 1
2024-12-08 23:46:06 [main] INFO  org.example.Main - Player is in area 3 of Le Chateau Caermaloyw
2024-12-08 23:46:09 [main] INFO  org.example.Main - Enemies in area 3: Brigand, Gangster, Wrestler
2024-12-08 23:46:09 [main] INFO  org.example.utils.Fight - The hero attacks 3 times
2024-12-08 23:46:13 [main] INFO  org.example.utils.Fight - The hero attacks 3 time(s)
2024-12-08 23:46:13 [main] INFO  org.example.utils.Fight - Brigand (Point de vie = 45, Point d'attaque = 10)
2024-12-08 23:46:13 [main] INFO  org.example.utils.Fight - Brigand (Point de vie = 25, Point d'attaque = 10)
2024-12-08 23:46:14 [main] INFO  org.example.utils.Fight - Brigand (Point de vie = 5, Point d'attaque = 10)
2024-12-08 23:46:21 [main] INFO  org.example.utils.Fight - The hero attacks 1 times
2024-12-08 23:46:23 [main] INFO  org.example.utils.Fight - The hero attacks 1 time(s)
2024-12-08 23:46:23 [main] INFO  org.example.utils.Fight - Brigand (Point de vie = -15, Point d'attaque = 10)
2024-12-08 23:46:23 [main] INFO  org.example.utils.Fight - Enemy is dead
2024-12-08 23:46:25 [main] INFO  org.example.Main - Enemy defeated. Remaining enemies: 3
2024-12-08 23:46:25 [main] INFO  org.example.utils.Fight - The hero received 15 damages !
2024-12-08 23:46:25 [main] INFO  org.example.utils.Fight - The hero has 205 health points remaining
2024-12-08 23:46:25 [main] INFO  org.example.utils.Fight - The hero attacks 3 times
2024-12-08 23:46:28 [main] INFO  org.example.utils.Fight - The hero attacks 3 time(s)
2024-12-08 23:46:28 [main] INFO  org.example.utils.Fight - Gangster (Point de vie = 35, Point d'attaque = 15)
2024-12-08 23:46:29 [main] INFO  org.example.utils.Fight - Gangster (Point de vie = 15, Point d'attaque = 15)
2024-12-08 23:46:29 [main] INFO  org.example.utils.Fight - Gangster (Point de vie = -5, Point d'attaque = 15)
2024-12-08 23:46:29 [main] INFO  org.example.utils.Fight - Enemy is dead
2024-12-08 23:46:31 [main] INFO  org.example.Main - Enemy defeated. Remaining enemies: 2
2024-12-08 23:46:31 [main] INFO  org.example.utils.Fight - The hero attacks 5 times
2024-12-08 23:46:36 [main] INFO  org.example.utils.Fight - The hero use is special capacity : ONE_SHOT
2024-12-08 23:46:36 [main] INFO  org.example.utils.Fight - The hero attacks 5 time(s)
2024-12-08 23:46:36 [main] INFO  org.example.utils.Fight - Wrestler (Point de vie = 30, Point d'attaque = 10)
2024-12-08 23:46:37 [main] INFO  org.example.utils.Fight - Wrestler (Point de vie = 20, Point d'attaque = 10)
2024-12-08 23:46:37 [main] INFO  org.example.utils.Fight - Wrestler (Point de vie = 10, Point d'attaque = 10)
2024-12-08 23:46:38 [main] INFO  org.example.utils.Fight - Wrestler (Point de vie = 0, Point d'attaque = 10)
2024-12-08 23:46:38 [main] INFO  org.example.utils.Fight - Enemy is dead
2024-12-08 23:46:40 [main] INFO  org.example.Main - Enemy defeated. Remaining enemies: 1
2024-12-08 23:46:45 [main] INFO  org.example.Main - Player is in area 4 of Le Chateau Caermaloyw
2024-12-08 23:46:49 [main] INFO  org.example.Main - Enemies in area 4: Gangster, Brigand, Brigand, Wrestler
2024-12-08 23:46:49 [main] INFO  org.example.utils.Fight - The hero received 15 damages !
2024-12-08 23:46:49 [main] INFO  org.example.utils.Fight - The hero has 190 health points remaining
2024-12-08 23:46:49 [main] INFO  org.example.utils.Fight - The hero attacks 5 times
2024-12-08 23:46:49 [main] INFO  org.example.utils.Fight - The hero attacks 5 time(s)
2024-12-08 23:46:49 [main] INFO  org.example.utils.Fight - Gangster (Point de vie = 35, Point d'attaque = 15)
2024-12-08 23:46:50 [main] INFO  org.example.utils.Fight - Gangster (Point de vie = 15, Point d'attaque = 15)
2024-12-08 23:46:50 [main] INFO  org.example.utils.Fight - Gangster (Point de vie = -5, Point d'attaque = 15)
2024-12-08 23:46:50 [main] INFO  org.example.utils.Fight - Enemy is dead
2024-12-08 23:46:52 [main] INFO  org.example.Main - Enemy defeated. Remaining enemies: 4
2024-12-08 23:46:52 [main] INFO  org.example.utils.Fight - The hero attacks 1 times
2024-12-08 23:46:52 [main] INFO  org.example.utils.Fight - The hero attacks 1 time(s)
2024-12-08 23:46:52 [main] INFO  org.example.utils.Fight - Brigand (Point de vie = 45, Point d'attaque = 10)
2024-12-08 23:46:56 [main] INFO  org.example.utils.Fight - The hero attacks 1 times
2024-12-08 23:46:56 [main] INFO  org.example.utils.Fight - The hero attacks 1 time(s)
2024-12-08 23:46:56 [main] INFO  org.example.utils.Fight - Brigand (Point de vie = 25, Point d'attaque = 10)
2024-12-08 23:46:58 [main] INFO  org.example.utils.Fight - The hero attacks 4 times
2024-12-08 23:46:58 [main] INFO  org.example.utils.Fight - The hero attacks 4 time(s)
2024-12-08 23:46:58 [main] INFO  org.example.utils.Fight - Brigand (Point de vie = 5, Point d'attaque = 10)
2024-12-08 23:46:59 [main] INFO  org.example.utils.Fight - Brigand (Point de vie = -15, Point d'attaque = 10)
2024-12-08 23:46:59 [main] INFO  org.example.utils.Fight - Enemy is dead
2024-12-08 23:47:02 [main] INFO  org.example.Main - Enemy defeated. Remaining enemies: 3
2024-12-08 23:47:02 [main] INFO  org.example.utils.Fight - The hero attacks 2 times
2024-12-08 23:47:02 [main] INFO  org.example.utils.Fight - The hero attacks 2 time(s)
2024-12-08 23:47:02 [main] INFO  org.example.utils.Fight - Brigand (Point de vie = 45, Point d'attaque = 10)
2024-12-08 23:47:03 [main] INFO  org.example.utils.Fight - Brigand (Point de vie = 25, Point d'attaque = 10)
2024-12-08 23:47:06 [main] INFO  org.example.utils.Fight - The hero attacks 3 times
2024-12-08 23:47:06 [main] INFO  org.example.utils.Fight - The hero attacks 3 time(s)
2024-12-08 23:47:06 [main] INFO  org.example.utils.Fight - Brigand (Point de vie = 5, Point d'attaque = 10)
2024-12-08 23:47:06 [main] INFO  org.example.utils.Fight - Brigand (Point de vie = -15, Point d'attaque = 10)
2024-12-08 23:47:06 [main] INFO  org.example.utils.Fight - Enemy is dead
2024-12-08 23:47:09 [main] INFO  org.example.Main - Enemy defeated. Remaining enemies: 2
2024-12-08 23:47:09 [main] INFO  org.example.utils.Fight - The hero attacks 5 times
2024-12-08 23:47:09 [main] INFO  org.example.utils.Fight - The hero attacks 5 time(s)
2024-12-08 23:47:09 [main] INFO  org.example.utils.Fight - Wrestler (Point de vie = 70, Point d'attaque = 10)
2024-12-08 23:47:09 [main] INFO  org.example.utils.Fight - Wrestler (Point de vie = 60, Point d'attaque = 10)
2024-12-08 23:47:10 [main] INFO  org.example.utils.Fight - Wrestler (Point de vie = 50, Point d'attaque = 10)
2024-12-08 23:47:10 [main] INFO  org.example.utils.Fight - Wrestler (Point de vie = 40, Point d'attaque = 10)
2024-12-08 23:47:11 [main] INFO  org.example.utils.Fight - Wrestler (Point de vie = 30, Point d'attaque = 10)
2024-12-08 23:47:12 [main] INFO  org.example.utils.Fight - The hero attacks 3 times
2024-12-08 23:47:12 [main] INFO  org.example.utils.Fight - The hero attacks 3 time(s)
2024-12-08 23:47:12 [main] INFO  org.example.utils.Fight - Wrestler (Point de vie = 20, Point d'attaque = 10)
2024-12-08 23:47:13 [main] INFO  org.example.utils.Fight - Wrestler (Point de vie = 10, Point d'attaque = 10)
2024-12-08 23:47:13 [main] INFO  org.example.utils.Fight - Wrestler (Point de vie = 0, Point d'attaque = 10)
2024-12-08 23:47:13 [main] INFO  org.example.utils.Fight - Enemy is dead
2024-12-08 23:47:15 [main] INFO  org.example.Main - Enemy defeated. Remaining enemies: 1
2024-12-08 23:47:20 [main] INFO  org.example.Main - Player is in area 5 of Le Chateau Caermaloyw
2024-12-08 23:47:22 [main] INFO  org.example.Main - Enemies in area 5: Brigand, Gangster
2024-12-08 23:47:22 [main] INFO  org.example.utils.Fight - The hero attacks 5 times
2024-12-08 23:47:22 [main] INFO  org.example.utils.Fight - The hero attacks 5 time(s)
2024-12-08 23:47:22 [main] INFO  org.example.utils.Fight - Brigand (Point de vie = 45, Point d'attaque = 10)
2024-12-08 23:47:22 [main] INFO  org.example.utils.Fight - Brigand (Point de vie = 25, Point d'attaque = 10)
2024-12-08 23:47:23 [main] INFO  org.example.utils.Fight - Brigand (Point de vie = 5, Point d'attaque = 10)
2024-12-08 23:47:23 [main] INFO  org.example.utils.Fight - Brigand (Point de vie = -15, Point d'attaque = 10)
2024-12-08 23:47:23 [main] INFO  org.example.utils.Fight - Enemy is dead
2024-12-08 23:47:25 [main] INFO  org.example.Main - Enemy defeated. Remaining enemies: 2
2024-12-08 23:47:25 [main] INFO  org.example.utils.Fight - The hero received 15 damages !
2024-12-08 23:47:25 [main] INFO  org.example.utils.Fight - The hero has 135 health points remaining
2024-12-08 23:47:25 [main] INFO  org.example.utils.Fight - The hero attacks 2 times
2024-12-08 23:47:25 [main] INFO  org.example.utils.Fight - The hero attacks 2 time(s)
2024-12-08 23:47:25 [main] INFO  org.example.utils.Fight - Gangster (Point de vie = 35, Point d'attaque = 15)
2024-12-08 23:47:25 [main] INFO  org.example.utils.Fight - Gangster (Point de vie = 15, Point d'attaque = 15)
2024-12-08 23:47:45 [main] INFO  org.example.utils.Fight - The hero received 15 damages !
2024-12-08 23:47:45 [main] INFO  org.example.utils.Fight - The hero has 120 health points remaining
2024-12-08 23:47:45 [main] INFO  org.example.utils.Fight - The hero attacks 4 times
2024-12-08 23:47:45 [main] INFO  org.example.utils.Fight - The hero attacks 4 time(s)
2024-12-08 23:47:45 [main] INFO  org.example.utils.Fight - Gangster (Point de vie = -5, Point d'attaque = 15)
2024-12-08 23:47:45 [main] INFO  org.example.utils.Fight - Enemy is dead
2024-12-08 23:47:46 [main] INFO  org.example.Main - Enemy defeated. Remaining enemies: 1
2024-12-08 23:47:51 [main] INFO  org.example.Main - Player is in area 6 of Le Chateau Caermaloyw
2024-12-08 23:47:53 [main] INFO  org.example.Main - Enemies in area 6: Wrestler, Brigand
2024-12-08 23:47:53 [main] INFO  org.example.utils.Fight - The hero attacks 4 times
2024-12-08 23:47:53 [main] INFO  org.example.utils.Fight - The hero attacks 4 time(s)
2024-12-08 23:47:53 [main] INFO  org.example.utils.Fight - Wrestler (Point de vie = 70, Point d'attaque = 10)
2024-12-08 23:47:54 [main] INFO  org.example.utils.Fight - Wrestler (Point de vie = 60, Point d'attaque = 10)
2024-12-08 23:47:54 [main] INFO  org.example.utils.Fight - Wrestler (Point de vie = 50, Point d'attaque = 10)
2024-12-08 23:47:55 [main] INFO  org.example.utils.Fight - Wrestler (Point de vie = 40, Point d'attaque = 10)
2024-12-08 23:47:58 [main] INFO  org.example.utils.Fight - The hero attacks 4 times
2024-12-08 23:47:58 [main] INFO  org.example.utils.Fight - The hero attacks 4 time(s)
2024-12-08 23:47:58 [main] INFO  org.example.utils.Fight - Wrestler (Point de vie = 30, Point d'attaque = 10)
2024-12-08 23:47:58 [main] INFO  org.example.utils.Fight - Wrestler (Point de vie = 20, Point d'attaque = 10)
2024-12-08 23:47:59 [main] INFO  org.example.utils.Fight - Wrestler (Point de vie = 10, Point d'attaque = 10)
2024-12-08 23:47:59 [main] INFO  org.example.utils.Fight - Wrestler (Point de vie = 0, Point d'attaque = 10)
2024-12-08 23:47:59 [main] INFO  org.example.utils.Fight - Enemy is dead
2024-12-08 23:48:03 [main] INFO  org.example.Main - Enemy defeated. Remaining enemies: 2
2024-12-08 23:48:03 [main] INFO  org.example.utils.Fight - The hero attacks 5 times
2024-12-08 23:48:03 [main] INFO  org.example.utils.Fight - The hero attacks 5 time(s)
2024-12-08 23:48:03 [main] INFO  org.example.utils.Fight - Brigand (Point de vie = 45, Point d'attaque = 10)
2024-12-08 23:48:03 [main] INFO  org.example.utils.Fight - Brigand (Point de vie = 25, Point d'attaque = 10)
2024-12-08 23:48:04 [main] INFO  org.example.utils.Fight - Brigand (Point de vie = 5, Point d'attaque = 10)
2024-12-08 23:48:04 [main] INFO  org.example.utils.Fight - Brigand (Point de vie = -15, Point d'attaque = 10)
2024-12-08 23:48:04 [main] INFO  org.example.utils.Fight - Enemy is dead
2024-12-08 23:48:19 [main] INFO  org.example.Main - Enemy defeated. Remaining enemies: 1
2024-12-08 23:48:29 [main] INFO  org.example.Main - Player is in area 7 of Le Chateau Caermaloyw
2024-12-08 23:48:29 [main] INFO  org.example.Main - Enemies in area 7: 
2024-12-08 23:48:31 [main] INFO  org.example.Main - Congratulations! Player has reached the end of the map Le Chateau Caermaloyw and found the Grail.
2024-12-08 23:50:32 [main] INFO  org.example.Main - Application started
2024-12-08 23:50:37 [main] INFO  org.example.Main - Chosen character: Artur Pendragon
2024-12-08 23:50:38 [main] INFO  org.example.Main - Chosen map: Caermaloyw Castle
2024-12-08 23:50:41 [main] INFO  org.example.Main - Player is in area 1 of Le Chateau Caermaloyw
2024-12-08 23:50:41 [main] INFO  org.example.Main - Enemies in area 1: 
2024-12-08 23:51:24 [main] INFO  org.example.Main - Player is in area 2 of Le Chateau Caermaloyw
2024-12-08 23:51:25 [main] INFO  org.example.Main - Enemies in area 2: Brigand
2024-12-08 23:51:25 [main] INFO  org.example.utils.Fight - The hero attacks 5 times
2024-12-08 23:51:30 [main] INFO  org.example.utils.Fight - The hero attacks 5 time(s)
2024-12-08 23:51:30 [main] INFO  org.example.utils.Fight - Brigand (Point de vie = 50, Point d'attaque = 10)
2024-12-08 23:51:30 [main] INFO  org.example.utils.Fight - Brigand (Point de vie = 35, Point d'attaque = 10)
2024-12-08 23:51:31 [main] INFO  org.example.utils.Fight - Brigand (Point de vie = 20, Point d'attaque = 10)
2024-12-08 23:51:31 [main] INFO  org.example.utils.Fight - Brigand (Point de vie = 5, Point d'attaque = 10)
2024-12-08 23:51:32 [main] INFO  org.example.utils.Fight - Brigand (Point de vie = -10, Point d'attaque = 10)
2024-12-08 23:51:32 [main] INFO  org.example.utils.Fight - Enemy is dead
2024-12-08 23:51:34 [main] INFO  org.example.Main - Enemy defeated. Remaining enemies: 1
2024-12-08 23:51:39 [main] INFO  org.example.Main - Player is in area 3 of Le Chateau Caermaloyw
2024-12-08 23:51:43 [main] INFO  org.example.Main - Enemies in area 3: Gangster, Wrestler, Brigand, Wrestler
2024-12-08 23:51:43 [main] INFO  org.example.utils.Fight - The hero received 15 damages !
2024-12-08 23:51:43 [main] INFO  org.example.utils.Fight - The hero has 245 health points remaining
2024-12-08 23:51:43 [main] INFO  org.example.utils.Fight - The hero attacks 5 times
2024-12-08 23:51:49 [main] INFO  org.example.utils.Fight - The hero use is special capacity : HEALING
2024-12-08 23:51:49 [main] INFO  org.example.utils.Fight - The hero attacks 5 time(s)
2024-12-08 23:51:49 [main] INFO  org.example.utils.Fight - Gangster (Point de vie = 40, Point d'attaque = 15)
2024-12-08 23:51:50 [main] INFO  org.example.utils.Fight - Gangster (Point de vie = 25, Point d'attaque = 15)
2024-12-08 23:51:50 [main] INFO  org.example.utils.Fight - Gangster (Point de vie = 10, Point d'attaque = 15)
2024-12-08 23:51:51 [main] INFO  org.example.utils.Fight - Gangster (Point de vie = -5, Point d'attaque = 15)
2024-12-08 23:51:51 [main] INFO  org.example.utils.Fight - Enemy is dead
2024-12-08 23:51:53 [main] INFO  org.example.Main - Enemy defeated. Remaining enemies: 4
2024-12-08 23:51:53 [main] INFO  org.example.utils.Fight - The hero attacks 5 times
2024-12-08 23:51:53 [main] INFO  org.example.utils.Fight - The hero attacks 5 time(s)
2024-12-08 23:51:53 [main] INFO  org.example.utils.Fight - Wrestler (Point de vie = 73, Point d'attaque = 10)
2024-12-08 23:51:53 [main] INFO  org.example.utils.Fight - Wrestler (Point de vie = 66, Point d'attaque = 10)
2024-12-08 23:51:54 [main] INFO  org.example.utils.Fight - Wrestler (Point de vie = 59, Point d'attaque = 10)
2024-12-08 23:51:54 [main] INFO  org.example.utils.Fight - Wrestler (Point de vie = 52, Point d'attaque = 10)
2024-12-08 23:51:55 [main] INFO  org.example.utils.Fight - Wrestler (Point de vie = 45, Point d'attaque = 10)
2024-12-08 23:51:58 [main] INFO  org.example.utils.Fight - The hero attacks 1 times
2024-12-08 23:51:58 [main] INFO  org.example.utils.Fight - The hero attacks 1 time(s)
2024-12-08 23:51:58 [main] INFO  org.example.utils.Fight - Wrestler (Point de vie = 38, Point d'attaque = 10)
2024-12-08 23:52:00 [main] INFO  org.example.utils.Fight - The hero attacks 3 times
2024-12-08 23:52:00 [main] INFO  org.example.utils.Fight - The hero attacks 3 time(s)
2024-12-08 23:52:00 [main] INFO  org.example.utils.Fight - Wrestler (Point de vie = 31, Point d'attaque = 10)
2024-12-08 23:52:01 [main] INFO  org.example.utils.Fight - Wrestler (Point de vie = 24, Point d'attaque = 10)
2024-12-08 23:52:01 [main] INFO  org.example.utils.Fight - Wrestler (Point de vie = 17, Point d'attaque = 10)
2024-12-08 23:52:04 [main] INFO  org.example.utils.Fight - The hero attacks 1 times
2024-12-08 23:52:04 [main] INFO  org.example.utils.Fight - The hero attacks 1 time(s)
2024-12-08 23:52:04 [main] INFO  org.example.utils.Fight - Wrestler (Point de vie = 10, Point d'attaque = 10)
2024-12-08 23:52:08 [main] INFO  org.example.utils.Fight - The hero attacks 4 times
2024-12-08 23:52:08 [main] INFO  org.example.utils.Fight - The hero attacks 4 time(s)
2024-12-08 23:52:08 [main] INFO  org.example.utils.Fight - Wrestler (Point de vie = 3, Point d'attaque = 10)
2024-12-08 23:52:09 [main] INFO  org.example.utils.Fight - Wrestler (Point de vie = -4, Point d'attaque = 10)
2024-12-08 23:52:09 [main] INFO  org.example.utils.Fight - Enemy is dead
2024-12-08 23:52:12 [main] INFO  org.example.Main - Enemy defeated. Remaining enemies: 3
2024-12-08 23:52:12 [main] INFO  org.example.utils.Fight - The hero attacks 5 times
2024-12-08 23:52:12 [main] INFO  org.example.utils.Fight - The hero attacks 5 time(s)
2024-12-08 23:52:12 [main] INFO  org.example.utils.Fight - Brigand (Point de vie = 50, Point d'attaque = 10)
2024-12-08 23:52:12 [main] INFO  org.example.utils.Fight - Brigand (Point de vie = 35, Point d'attaque = 10)
2024-12-08 23:52:13 [main] INFO  org.example.utils.Fight - Brigand (Point de vie = 20, Point d'attaque = 10)
2024-12-08 23:52:13 [main] INFO  org.example.utils.Fight - Brigand (Point de vie = 5, Point d'attaque = 10)
2024-12-08 23:52:14 [main] INFO  org.example.utils.Fight - Brigand (Point de vie = -10, Point d'attaque = 10)
2024-12-08 23:52:14 [main] INFO  org.example.utils.Fight - Enemy is dead
2024-12-08 23:52:16 [main] INFO  org.example.Main - Enemy defeated. Remaining enemies: 2
2024-12-08 23:52:16 [main] INFO  org.example.utils.Fight - The hero attacks 3 times
2024-12-08 23:52:16 [main] INFO  org.example.utils.Fight - The hero attacks 3 time(s)
2024-12-08 23:52:16 [main] INFO  org.example.utils.Fight - Wrestler (Point de vie = 73, Point d'attaque = 10)
2024-12-08 23:52:16 [main] INFO  org.example.utils.Fight - Wrestler (Point de vie = 66, Point d'attaque = 10)
2024-12-08 23:52:17 [main] INFO  org.example.utils.Fight - Wrestler (Point de vie = 59, Point d'attaque = 10)
2024-12-08 23:52:19 [main] INFO  org.example.utils.Fight - The hero attacks 5 times
2024-12-08 23:52:19 [main] INFO  org.example.utils.Fight - The hero attacks 5 time(s)
2024-12-08 23:52:19 [main] INFO  org.example.utils.Fight - Wrestler (Point de vie = 52, Point d'attaque = 10)
2024-12-08 23:52:20 [main] INFO  org.example.utils.Fight - Wrestler (Point de vie = 45, Point d'attaque = 10)
2024-12-08 23:52:20 [main] INFO  org.example.utils.Fight - Wrestler (Point de vie = 38, Point d'attaque = 10)
2024-12-08 23:52:21 [main] INFO  org.example.utils.Fight - Wrestler (Point de vie = 31, Point d'attaque = 10)
2024-12-08 23:52:21 [main] INFO  org.example.utils.Fight - Wrestler (Point de vie = 24, Point d'attaque = 10)
2024-12-08 23:52:24 [main] INFO  org.example.utils.Fight - The hero attacks 5 times
2024-12-08 23:52:24 [main] INFO  org.example.utils.Fight - The hero attacks 5 time(s)
2024-12-08 23:52:24 [main] INFO  org.example.utils.Fight - Wrestler (Point de vie = 17, Point d'attaque = 10)
2024-12-08 23:52:25 [main] INFO  org.example.utils.Fight - Wrestler (Point de vie = 10, Point d'attaque = 10)
2024-12-08 23:52:25 [main] INFO  org.example.utils.Fight - Wrestler (Point de vie = 3, Point d'attaque = 10)
2024-12-08 23:52:26 [main] INFO  org.example.utils.Fight - Wrestler (Point de vie = -4, Point d'attaque = 10)
2024-12-08 23:52:26 [main] INFO  org.example.utils.Fight - Enemy is dead
2024-12-08 23:52:28 [main] INFO  org.example.Main - Enemy defeated. Remaining enemies: 1
2024-12-08 23:52:34 [main] INFO  org.example.Main - Player is in area 4 of Le Chateau Caermaloyw
2024-12-08 23:52:37 [main] INFO  org.example.Main - Enemies in area 4: Wrestler, Wrestler, Gangster
2024-12-08 23:52:37 [main] INFO  org.example.utils.Fight - The hero attacks 1 times
2024-12-08 23:52:37 [main] INFO  org.example.utils.Fight - The hero attacks 1 time(s)
2024-12-08 23:52:37 [main] INFO  org.example.utils.Fight - Wrestler (Point de vie = 73, Point d'attaque = 10)
2024-12-08 23:52:37 [main] INFO  org.example.utils.Fight - The hero attacks 4 times
2024-12-08 23:52:37 [main] INFO  org.example.utils.Fight - The hero attacks 4 time(s)
2024-12-08 23:52:37 [main] INFO  org.example.utils.Fight - Wrestler (Point de vie = 66, Point d'attaque = 10)
2024-12-08 23:52:38 [main] INFO  org.example.utils.Fight - Wrestler (Point de vie = 59, Point d'attaque = 10)
2024-12-08 23:52:38 [main] INFO  org.example.utils.Fight - Wrestler (Point de vie = 52, Point d'attaque = 10)
2024-12-08 23:52:39 [main] INFO  org.example.utils.Fight - Wrestler (Point de vie = 45, Point d'attaque = 10)
2024-12-08 23:52:41 [main] INFO  org.example.utils.Fight - The hero attacks 1 times
2024-12-08 23:52:41 [main] INFO  org.example.utils.Fight - The hero attacks 1 time(s)
2024-12-08 23:52:41 [main] INFO  org.example.utils.Fight - Wrestler (Point de vie = 38, Point d'attaque = 10)
2024-12-08 23:52:41 [main] INFO  org.example.utils.Fight - The hero attacks 2 times
2024-12-08 23:52:41 [main] INFO  org.example.utils.Fight - The hero attacks 2 time(s)
2024-12-08 23:52:41 [main] INFO  org.example.utils.Fight - Wrestler (Point de vie = 31, Point d'attaque = 10)
2024-12-08 23:52:42 [main] INFO  org.example.utils.Fight - Wrestler (Point de vie = 24, Point d'attaque = 10)
2024-12-08 23:52:42 [main] INFO  org.example.utils.Fight - The hero attacks 4 times
2024-12-08 23:52:42 [main] INFO  org.example.utils.Fight - The hero attacks 4 time(s)
2024-12-08 23:52:42 [main] INFO  org.example.utils.Fight - Wrestler (Point de vie = 17, Point d'attaque = 10)
2024-12-08 23:52:43 [main] INFO  org.example.utils.Fight - Wrestler (Point de vie = 10, Point d'attaque = 10)
2024-12-08 23:52:43 [main] INFO  org.example.utils.Fight - Wrestler (Point de vie = 3, Point d'attaque = 10)
2024-12-08 23:52:44 [main] INFO  org.example.utils.Fight - Wrestler (Point de vie = -4, Point d'attaque = 10)
2024-12-08 23:52:44 [main] INFO  org.example.utils.Fight - Enemy is dead
2024-12-08 23:52:44 [main] INFO  org.example.Main - Enemy defeated. Remaining enemies: 3
2024-12-08 23:52:44 [main] INFO  org.example.utils.Fight - The hero attacks 1 times
2024-12-08 23:52:44 [main] INFO  org.example.utils.Fight - The hero attacks 1 time(s)
2024-12-08 23:52:44 [main] INFO  org.example.utils.Fight - Wrestler (Point de vie = 73, Point d'attaque = 10)
2024-12-08 23:52:44 [main] INFO  org.example.utils.Fight - The hero attacks 1 times
2024-12-08 23:52:44 [main] INFO  org.example.utils.Fight - The hero attacks 1 time(s)
2024-12-08 23:52:44 [main] INFO  org.example.utils.Fight - Wrestler (Point de vie = 66, Point d'attaque = 10)
2024-12-08 23:52:45 [main] INFO  org.example.utils.Fight - The hero attacks 2 times
2024-12-08 23:52:45 [main] INFO  org.example.utils.Fight - The hero attacks 2 time(s)
2024-12-08 23:52:45 [main] INFO  org.example.utils.Fight - Wrestler (Point de vie = 59, Point d'attaque = 10)
2024-12-08 23:52:45 [main] INFO  org.example.utils.Fight - Wrestler (Point de vie = 52, Point d'attaque = 10)
2024-12-08 23:52:46 [main] INFO  org.example.utils.Fight - The hero attacks 1 times
2024-12-08 23:52:46 [main] INFO  org.example.utils.Fight - The hero attacks 1 time(s)
2024-12-08 23:52:46 [main] INFO  org.example.utils.Fight - Wrestler (Point de vie = 45, Point d'attaque = 10)
2024-12-08 23:52:46 [main] INFO  org.example.utils.Fight - The hero attacks 4 times
2024-12-08 23:52:46 [main] INFO  org.example.utils.Fight - The hero attacks 4 time(s)
2024-12-08 23:52:46 [main] INFO  org.example.utils.Fight - Wrestler (Point de vie = 38, Point d'attaque = 10)
2024-12-08 23:52:47 [main] INFO  org.example.utils.Fight - Wrestler (Point de vie = 31, Point d'attaque = 10)
2024-12-08 23:52:47 [main] INFO  org.example.utils.Fight - Wrestler (Point de vie = 24, Point d'attaque = 10)
2024-12-08 23:52:48 [main] INFO  org.example.utils.Fight - Wrestler (Point de vie = 17, Point d'attaque = 10)
2024-12-08 23:52:48 [main] INFO  org.example.utils.Fight - The hero attacks 1 times
2024-12-08 23:52:48 [main] INFO  org.example.utils.Fight - The hero attacks 1 time(s)
2024-12-08 23:52:48 [main] INFO  org.example.utils.Fight - Wrestler (Point de vie = 10, Point d'attaque = 10)
2024-12-08 23:52:49 [main] INFO  org.example.utils.Fight - The hero attacks 2 times
2024-12-08 23:52:49 [main] INFO  org.example.utils.Fight - The hero attacks 2 time(s)
2024-12-08 23:52:49 [main] INFO  org.example.utils.Fight - Wrestler (Point de vie = 3, Point d'attaque = 10)
2024-12-08 23:52:49 [main] INFO  org.example.utils.Fight - Wrestler (Point de vie = -4, Point d'attaque = 10)
2024-12-08 23:52:49 [main] INFO  org.example.utils.Fight - Enemy is dead
2024-12-08 23:52:49 [main] INFO  org.example.Main - Enemy defeated. Remaining enemies: 2
2024-12-08 23:52:49 [main] INFO  org.example.utils.Fight - The hero received 15 damages !
2024-12-08 23:52:49 [main] INFO  org.example.utils.Fight - The hero has 120 health points remaining
2024-12-08 23:52:49 [main] INFO  org.example.utils.Fight - The hero attacks 4 times
2024-12-08 23:52:49 [main] INFO  org.example.utils.Fight - The hero attacks 4 time(s)
2024-12-08 23:52:49 [main] INFO  org.example.utils.Fight - Gangster (Point de vie = 40, Point d'attaque = 15)
2024-12-08 23:52:50 [main] INFO  org.example.utils.Fight - Gangster (Point de vie = 25, Point d'attaque = 15)
2024-12-08 23:52:50 [main] INFO  org.example.utils.Fight - Gangster (Point de vie = 10, Point d'attaque = 15)
2024-12-08 23:52:51 [main] INFO  org.example.utils.Fight - Gangster (Point de vie = -5, Point d'attaque = 15)
2024-12-08 23:52:51 [main] INFO  org.example.utils.Fight - Enemy is dead
2024-12-08 23:52:51 [main] INFO  org.example.Main - Enemy defeated. Remaining enemies: 1
2024-12-08 23:52:54 [main] INFO  org.example.Main - Player is in area 5 of Le Chateau Caermaloyw
2024-12-08 23:52:55 [main] INFO  org.example.Main - Enemies in area 5: Gangster
2024-12-08 23:52:55 [main] INFO  org.example.utils.Fight - The hero received 15 damages !
2024-12-08 23:52:55 [main] INFO  org.example.utils.Fight - The hero has 105 health points remaining
2024-12-08 23:52:55 [main] INFO  org.example.utils.Fight - The hero attacks 1 times
2024-12-08 23:52:55 [main] INFO  org.example.utils.Fight - The hero attacks 1 time(s)
2024-12-08 23:52:55 [main] INFO  org.example.utils.Fight - Gangster (Point de vie = 40, Point d'attaque = 15)
2024-12-08 23:52:56 [main] INFO  org.example.utils.Fight - The hero received 15 damages !
2024-12-08 23:52:56 [main] INFO  org.example.utils.Fight - The hero has 90 health points remaining
2024-12-08 23:52:56 [main] INFO  org.example.utils.Fight - The hero attacks 5 times
2024-12-08 23:52:56 [main] INFO  org.example.utils.Fight - The hero attacks 5 time(s)
2024-12-08 23:52:56 [main] INFO  org.example.utils.Fight - Gangster (Point de vie = 25, Point d'attaque = 15)
2024-12-08 23:52:56 [main] INFO  org.example.utils.Fight - Gangster (Point de vie = 10, Point d'attaque = 15)
2024-12-08 23:52:57 [main] INFO  org.example.utils.Fight - Gangster (Point de vie = -5, Point d'attaque = 15)
2024-12-08 23:52:57 [main] INFO  org.example.utils.Fight - Enemy is dead
2024-12-08 23:52:57 [main] INFO  org.example.Main - Enemy defeated. Remaining enemies: 1
2024-12-08 23:53:02 [main] INFO  org.example.Main - Player is in area 6 of Le Chateau Caermaloyw
2024-12-08 23:53:05 [main] INFO  org.example.Main - Enemies in area 6: Gangster, Brigand, Wrestler
2024-12-08 23:53:05 [main] INFO  org.example.utils.Fight - The hero received 15 damages !
2024-12-08 23:53:05 [main] INFO  org.example.utils.Fight - The hero has 75 health points remaining
2024-12-08 23:53:05 [main] INFO  org.example.utils.Fight - The hero attacks 1 times
2024-12-08 23:53:05 [main] INFO  org.example.utils.Fight - The hero attacks 1 time(s)
2024-12-08 23:53:05 [main] INFO  org.example.utils.Fight - Gangster (Point de vie = 40, Point d'attaque = 15)
2024-12-08 23:53:06 [main] INFO  org.example.utils.Fight - The hero received 15 damages !
2024-12-08 23:53:06 [main] INFO  org.example.utils.Fight - The hero has 60 health points remaining
2024-12-08 23:53:06 [main] INFO  org.example.utils.Fight - The hero attacks 2 times
2024-12-08 23:53:06 [main] INFO  org.example.utils.Fight - The hero attacks 2 time(s)
2024-12-08 23:53:06 [main] INFO  org.example.utils.Fight - Gangster (Point de vie = 25, Point d'attaque = 15)
2024-12-08 23:53:06 [main] INFO  org.example.utils.Fight - Gangster (Point de vie = 10, Point d'attaque = 15)
2024-12-08 23:53:07 [main] INFO  org.example.utils.Fight - The hero received 15 damages !
2024-12-08 23:53:07 [main] INFO  org.example.utils.Fight - The hero has 45 health points remaining
2024-12-08 23:53:07 [main] INFO  org.example.utils.Fight - The hero attacks 5 times
2024-12-08 23:53:07 [main] INFO  org.example.utils.Fight - The hero attacks 5 time(s)
2024-12-08 23:53:07 [main] INFO  org.example.utils.Fight - Gangster (Point de vie = -5, Point d'attaque = 15)
2024-12-08 23:53:07 [main] INFO  org.example.utils.Fight - Enemy is dead
2024-12-08 23:53:07 [main] INFO  org.example.Main - Enemy defeated. Remaining enemies: 3
2024-12-08 23:53:07 [main] INFO  org.example.utils.Fight - The hero attacks 3 times
2024-12-08 23:53:07 [main] INFO  org.example.utils.Fight - The hero attacks 3 time(s)
2024-12-08 23:53:07 [main] INFO  org.example.utils.Fight - Brigand (Point de vie = 50, Point d'attaque = 10)
2024-12-08 23:53:07 [main] INFO  org.example.utils.Fight - Brigand (Point de vie = 35, Point d'attaque = 10)
2024-12-08 23:53:08 [main] INFO  org.example.utils.Fight - Brigand (Point de vie = 20, Point d'attaque = 10)
2024-12-08 23:53:08 [main] INFO  org.example.utils.Fight - The hero attacks 2 times
2024-12-08 23:53:08 [main] INFO  org.example.utils.Fight - The hero attacks 2 time(s)
2024-12-08 23:53:08 [main] INFO  org.example.utils.Fight - Brigand (Point de vie = 5, Point d'attaque = 10)
2024-12-08 23:53:09 [main] INFO  org.example.utils.Fight - Brigand (Point de vie = -10, Point d'attaque = 10)
2024-12-08 23:53:09 [main] INFO  org.example.utils.Fight - Enemy is dead
2024-12-08 23:53:09 [main] INFO  org.example.Main - Enemy defeated. Remaining enemies: 2
2024-12-08 23:53:09 [main] INFO  org.example.utils.Fight - The hero attacks 3 times
2024-12-08 23:53:09 [main] INFO  org.example.utils.Fight - The hero attacks 3 time(s)
2024-12-08 23:53:09 [main] INFO  org.example.utils.Fight - Wrestler (Point de vie = 73, Point d'attaque = 10)
2024-12-08 23:53:09 [main] INFO  org.example.utils.Fight - Wrestler (Point de vie = 66, Point d'attaque = 10)
2024-12-08 23:53:10 [main] INFO  org.example.utils.Fight - Wrestler (Point de vie = 59, Point d'attaque = 10)
2024-12-08 23:53:10 [main] INFO  org.example.utils.Fight - The hero attacks 4 times
2024-12-08 23:53:10 [main] INFO  org.example.utils.Fight - The hero attacks 4 time(s)
2024-12-08 23:53:10 [main] INFO  org.example.utils.Fight - Wrestler (Point de vie = 52, Point d'attaque = 10)
2024-12-08 23:53:11 [main] INFO  org.example.utils.Fight - Wrestler (Point de vie = 45, Point d'attaque = 10)
2024-12-08 23:53:11 [main] INFO  org.example.utils.Fight - Wrestler (Point de vie = 38, Point d'attaque = 10)
2024-12-08 23:53:12 [main] INFO  org.example.utils.Fight - Wrestler (Point de vie = 31, Point d'attaque = 10)
2024-12-08 23:53:12 [main] INFO  org.example.utils.Fight - The hero attacks 1 times
2024-12-08 23:53:12 [main] INFO  org.example.utils.Fight - The hero attacks 1 time(s)
2024-12-08 23:53:12 [main] INFO  org.example.utils.Fight - Wrestler (Point de vie = 24, Point d'attaque = 10)
2024-12-08 23:53:13 [main] INFO  org.example.utils.Fight - The hero attacks 2 times
2024-12-08 23:53:13 [main] INFO  org.example.utils.Fight - The hero attacks 2 time(s)
2024-12-08 23:53:13 [main] INFO  org.example.utils.Fight - Wrestler (Point de vie = 17, Point d'attaque = 10)
2024-12-08 23:53:13 [main] INFO  org.example.utils.Fight - Wrestler (Point de vie = 10, Point d'attaque = 10)
2024-12-08 23:53:14 [main] INFO  org.example.utils.Fight - The hero die before attacking
2024-12-08 23:53:14 [main] INFO  org.example.Main - GAME OVER! The hero has died in the quest for the Grail.
2024-12-09 00:13:14 [main] INFO  org.example.Main - Chosen map: Test map
2024-12-09 00:13:14 [main] INFO  org.example.Main - Chosen character: Artur Pendragon
2024-12-09 00:13:16 [main] INFO  org.example.Main - Player is in area 1 of Test
2024-12-09 00:13:16 [main] INFO  org.example.Main - Enemies in area 1: 
2024-12-09 00:13:17 [main] INFO  org.example.Main - Player is in area 2 of Test
2024-12-09 00:13:18 [main] INFO  org.example.Main - Enemies in area 2: Enemy
2024-12-09 00:13:18 [main] INFO  org.example.utils.Fight - The hero attacks 4 times
2024-12-09 00:13:18 [main] INFO  org.example.utils.Fight - The hero attacks 4 time(s)
2024-12-09 00:13:18 [main] INFO  org.example.utils.Fight - Ennemi (Point de vie = 0, Point d'attaque = 0)
2024-12-09 00:13:18 [main] INFO  org.example.utils.Fight - Enemy is dead
2024-12-09 00:13:18 [main] INFO  org.example.Main - Enemy defeated. Remaining enemies: 1
2024-12-09 00:13:20 [main] INFO  org.example.Main - Player is in area 3 of Test
2024-12-09 00:13:20 [main] INFO  org.example.Main - Enemies in area 3: 
2024-12-09 00:13:20 [main] INFO  org.example.Main - Congratulations! Player has reached the end of the map Test and found the Grail.
2024-12-09 00:14:35 [main] INFO  org.example.Main - Chosen map: Test map
2024-12-09 00:14:35 [main] INFO  org.example.Main - Chosen character: Artur Pendragon
2024-12-09 00:14:36 [main] INFO  org.example.Main - Player is in area 1 of Test
2024-12-09 00:14:36 [main] INFO  org.example.Main - Enemies in area 1: 
2024-12-09 00:14:38 [main] INFO  org.example.Main - Player is in area 2 of Test
2024-12-09 00:14:39 [main] INFO  org.example.Main - Enemies in area 2: Enemy
2024-12-09 00:14:39 [main] INFO  org.example.utils.Fight - The hero attacks 5 times
2024-12-09 00:14:39 [main] INFO  org.example.utils.Fight - The hero attacks 5 time(s)
2024-12-09 00:14:39 [main] INFO  org.example.utils.Fight - Ennemi (Point de vie = 0, Point d'attaque = 0)
2024-12-09 00:14:39 [main] INFO  org.example.utils.Fight - Enemy is dead
2024-12-09 00:14:39 [main] INFO  org.example.Main - Enemy defeated. Remaining enemies: 1
2024-12-09 00:14:40 [main] INFO  org.example.Main - Player is in area 3 of Test
2024-12-09 00:14:40 [main] INFO  org.example.Main - Enemies in area 3: 
2024-12-09 00:14:40 [main] INFO  org.example.Main - Congratulations! Player has reached the end of the map Test and found the Grail.
